# JRE version: OpenJDK Runtime Environment Corretto-11.0.29.7.1 (11.0.29+7) (build 11.0.29+7-LTS)
# Java VM: OpenJDK 64-Bit Server VM Corretto-11.0.29.7.1 (11.0.29+7-LTS, mixed mode, tiered, compressed oops, g1 gc, bsd-aarch64)
Heap:
 garbage-first heap   total 37888K, used 10482K [0x00000006c0000000, 0x00000007c0000000)
  region size 1024K, 1 young (1024K), 0 survivors (0K)
 Metaspace       used 11197K, capacity 11551K, committed 11648K, reserved 1060864K
  class space    used 1016K, capacity 1150K, committed 1152K, reserved 1048576K
GC Heap History (20 events):
Event: 0.301 GC heap before
{Heap before GC invocations=5 (full 1):
 garbage-first heap   total 17408K, used 7458K [0x00000006c0000000, 0x00000007c0000000)
  region size 1024K, 5 young (5120K), 1 survivors (1024K)
 Metaspace       used 8112K, capacity 8344K, committed 8576K, reserved 1056768K
  class space    used 748K, capacity 825K, committed 896K, reserved 1048576K
}
Event: 0.302 GC heap after
{Heap after GC invocations=6 (full 1):
 garbage-first heap   total 17408K, used 3753K [0x00000006c0000000, 0x00000007c0000000)
  region size 1024K, 1 young (1024K), 1 survivors (1024K)
 Metaspace       used 8112K, capacity 8344K, committed 8576K, reserved 1056768K
  class space    used 748K, capacity 825K, committed 896K, reserved 1048576K
}
Event: 0.305 GC heap before
{Heap before GC invocations=6 (full 1):
 garbage-first heap   total 17408K, used 7849K [0x00000006c0000000, 0x00000007c0000000)
  region size 1024K, 5 young (5120K), 1 survivors (1024K)
 Metaspace       used 8116K, capacity 8345K, committed 8576K, reserved 1056768K
  class space    used 748K, capacity 825K, committed 896K, reserved 1048576K
}
Event: 0.306 GC heap after
{Heap after GC invocations=7 (full 1):
 garbage-first heap   total 17408K, used 4053K [0x00000006c0000000, 0x00000007c0000000)
  region size 1024K, 1 young (1024K), 1 survivors (1024K)
 Metaspace       used 8116K, capacity 8345K, committed 8576K, reserved 1056768K
  class space    used 748K, capacity 825K, committed 896K, reserved 1048576K
}
Event: 0.309 GC heap before
{Heap before GC invocations=7 (full 1):
 garbage-first heap   total 17408K, used 8149K [0x00000006c0000000, 0x00000007c0000000)
  region size 1024K, 5 young (5120K), 1 survivors (1024K)
 Metaspace       used 8125K, capacity 8345K, committed 8576K, reserved 1056768K
  class space    used 748K, capacity 825K, committed 896K, reserved 1048576K
}
Event: 0.310 GC heap after
{Heap after GC invocations=8 (full 1):
 garbage-first heap   total 17408K, used 4580K [0x00000006c0000000, 0x00000007c0000000)
  region size 1024K, 1 young (1024K), 1 survivors (1024K)
 Metaspace       used 8125K, capacity 8345K, committed 8576K, reserved 1056768K
  class space    used 748K, capacity 825K, committed 896K, reserved 1048576K
}
Event: 0.313 GC heap before
{Heap before GC invocations=8 (full 1):
 garbage-first heap   total 17408K, used 7652K [0x00000006c0000000, 0x00000007c0000000)
  region size 1024K, 4 young (4096K), 1 survivors (1024K)
 Metaspace       used 8140K, capacity 8346K, committed 8576K, reserved 1056768K
  class space    used 748K, capacity 825K, committed 896K, reserved 1048576K
}
Event: 0.314 GC heap after
{Heap after GC invocations=9 (full 1):
 garbage-first heap   total 140288K, used 4973K [0x00000006c0000000, 0x00000007c0000000)
  region size 1024K, 1 young (1024K), 1 survivors (1024K)
 Metaspace       used 8140K, capacity 8346K, committed 8576K, reserved 1056768K
  class space    used 748K, capacity 825K, committed 896K, reserved 1048576K
}
Event: 0.387 GC heap before
{Heap before GC invocations=10 (full 1):
 garbage-first heap   total 140288K, used 15213K [0x00000006c0000000, 0x00000007c0000000)
  region size 1024K, 10 young (10240K), 1 survivors (1024K)
 Metaspace       used 9298K, capacity 9573K, committed 9728K, reserved 1058816K
  class space    used 862K, capacity 983K, committed 1024K, reserved 1048576K
}
Event: 0.392 GC heap after
{Heap after GC invocations=11 (full 2):
 garbage-first heap   total 37888K, used 9633K [0x00000006c0000000, 0x00000007c0000000)
  region size 1024K, 0 young (0K), 0 survivors (0K)
 Metaspace       used 9298K, capacity 9573K, committed 9728K, reserved 1058816K
  class space    used 862K, capacity 983K, committed 1024K, reserved 1048576K
}
Event: 0.477 GC heap before
{Heap before GC invocations=11 (full 2):
 garbage-first heap   total 37888K, used 17825K [0x00000006c0000000, 0x00000007c0000000)
  region size 1024K, 9 young (9216K), 0 survivors (0K)
 Metaspace       used 10741K, capacity 11031K, committed 11136K, reserved 1058816K
  class space    used 972K, capacity 1085K, committed 1152K, reserved 1048576K
}
Event: 0.478 GC heap after
{Heap after GC invocations=12 (full 2):
 garbage-first heap   total 37888K, used 10318K [0x00000006c0000000, 0x00000007c0000000)
  region size 1024K, 1 young (1024K), 1 survivors (1024K)
 Metaspace       used 10741K, capacity 11031K, committed 11136K, reserved 1058816K
  class space    used 972K, capacity 1085K, committed 1152K, reserved 1048576K
}
Event: 0.918 GC heap before
{Heap before GC invocations=12 (full 2):
 garbage-first heap   total 37888K, used 13390K [0x00000006c0000000, 0x00000007c0000000)
  region size 1024K, 5 young (5120K), 1 survivors (1024K)
 Metaspace       used 11194K, capacity 11551K, committed 11648K, reserved 1060864K
  class space    used 1015K, capacity 1150K, committed 1152K, reserved 1048576K
}
Event: 0.925 GC heap after
{Heap after GC invocations=13 (full 3):
 garbage-first heap   total 37888K, used 10474K [0x00000006c0000000, 0x00000007c0000000)
  region size 1024K, 0 young (0K), 0 survivors (0K)
 Metaspace       used 11194K, capacity 11551K, committed 11648K, reserved 1060864K
  class space    used 1015K, capacity 1150K, committed 1152K, reserved 1048576K
}
Event: 1.130 GC heap before
{Heap before GC invocations=13 (full 3):
 garbage-first heap   total 37888K, used 10474K [0x00000006c0000000, 0x00000007c0000000)
  region size 1024K, 1 young (1024K), 0 survivors (0K)
 Metaspace       used 11194K, capacity 11551K, committed 11648K, reserved 1060864K
  class space    used 1015K, capacity 1150K, committed 1152K, reserved 1048576K
}
Event: 1.136 GC heap after
{Heap after GC invocations=14 (full 4):
 garbage-first heap   total 37888K, used 10480K [0x00000006c0000000, 0x00000007c0000000)
  region size 1024K, 0 young (0K), 0 survivors (0K)
 Metaspace       used 11194K, capacity 11551K, committed 11648K, reserved 1060864K
  class space    used 1015K, capacity 1150K, committed 1152K, reserved 1048576K
}
Event: 1.482 GC heap before
{Heap before GC invocations=14 (full 4):
 garbage-first heap   total 37888K, used 10480K [0x00000006c0000000, 0x00000007c0000000)
  region size 1024K, 1 young (1024K), 0 survivors (0K)
 Metaspace       used 11194K, capacity 11551K, committed 11648K, reserved 1060864K
  class space    used 1015K, capacity 1150K, committed 1152K, reserved 1048576K
}
Event: 1.488 GC heap after
{Heap after GC invocations=15 (full 5):
 garbage-first heap   total 37888K, used 10480K [0x00000006c0000000, 0x00000007c0000000)
  region size 1024K, 0 young (0K), 0 survivors (0K)
 Metaspace       used 11194K, capacity 11551K, committed 11648K, reserved 1060864K
  class space    used 1015K, capacity 1150K, committed 1152K, reserved 1048576K
}
Event: 6.156 GC heap before
{Heap before GC invocations=15 (full 5):
 garbage-first heap   total 37888K, used 10480K [0x00000006c0000000, 0x00000007c0000000)
  region size 1024K, 1 young (1024K), 0 survivors (0K)
 Metaspace       used 11195K, capacity 11551K, committed 11648K, reserved 1060864K
  class space    used 1015K, capacity 1150K, committed 1152K, reserved 1048576K
}
Event: 6.164 GC heap after
{Heap after GC invocations=16 (full 6):
 garbage-first heap   total 37888K, used 10482K [0x00000006c0000000, 0x00000007c0000000)
  region size 1024K, 0 young (0K), 0 survivors (0K)
 Metaspace       used 11195K, capacity 11551K, committed 11648K, reserved 1060864K
  class space    used 1015K, capacity 1150K, committed 1152K, reserved 1048576K
}

