# JRE version: OpenJDK Runtime Environment Corretto-11.0.29.7.1 (11.0.29+7) (build 11.0.29+7-LTS)
# Java VM: OpenJDK 64-Bit Server VM Corretto-11.0.29.7.1 (11.0.29+7-LTS, mixed mode, tiered, compressed oops, g1 gc, bsd-aarch64)
Heap:
 garbage-first heap   total 37888K, used 10609K [0x00000006c0000000, 0x00000007c0000000)
  region size 1024K, 1 young (1024K), 0 survivors (0K)
 Metaspace       used 11275K, capacity 11613K, committed 11904K, reserved 1060864K
  class space    used 1022K, capacity 1150K, committed 1152K, reserved 1048576K
GC Heap History (20 events):
Event: 0.312 GC heap before
{Heap before GC invocations=3 (full 1):
 garbage-first heap   total 17408K, used 7587K [0x00000006c0000000, 0x00000007c0000000)
  region size 1024K, 6 young (6144K), 1 survivors (1024K)
 Metaspace       used 8109K, capacity 8344K, committed 8576K, reserved 1056768K
  class space    used 748K, capacity 825K, committed 896K, reserved 1048576K
}
Event: 0.313 GC heap after
{Heap after GC invocations=4 (full 1):
 garbage-first heap   total 17408K, used 2964K [0x00000006c0000000, 0x00000007c0000000)
  region size 1024K, 1 young (1024K), 1 survivors (1024K)
 Metaspace       used 8109K, capacity 8344K, committed 8576K, reserved 1056768K
  class space    used 748K, capacity 825K, committed 896K, reserved 1048576K
}
Event: 0.315 GC heap before
{Heap before GC invocations=4 (full 1):
 garbage-first heap   total 17408K, used 7060K [0x00000006c0000000, 0x00000007c0000000)
  region size 1024K, 5 young (5120K), 1 survivors (1024K)
 Metaspace       used 8119K, capacity 8344K, committed 8576K, reserved 1056768K
  class space    used 748K, capacity 825K, committed 896K, reserved 1048576K
}
Event: 0.316 GC heap after
{Heap after GC invocations=5 (full 1):
 garbage-first heap   total 17408K, used 3316K [0x00000006c0000000, 0x00000007c0000000)
  region size 1024K, 1 young (1024K), 1 survivors (1024K)
 Metaspace       used 8119K, capacity 8344K, committed 8576K, reserved 1056768K
  class space    used 748K, capacity 825K, committed 896K, reserved 1048576K
}
Event: 0.319 GC heap before
{Heap before GC invocations=5 (full 1):
 garbage-first heap   total 17408K, used 7412K [0x00000006c0000000, 0x00000007c0000000)
  region size 1024K, 5 young (5120K), 1 survivors (1024K)
 Metaspace       used 8122K, capacity 8344K, committed 8576K, reserved 1056768K
  class space    used 748K, capacity 825K, committed 896K, reserved 1048576K
}
Event: 0.320 GC heap after
{Heap after GC invocations=6 (full 1):
 garbage-first heap   total 17408K, used 3712K [0x00000006c0000000, 0x00000007c0000000)
  region size 1024K, 1 young (1024K), 1 survivors (1024K)
 Metaspace       used 8122K, capacity 8344K, committed 8576K, reserved 1056768K
  class space    used 748K, capacity 825K, committed 896K, reserved 1048576K
}
Event: 0.323 GC heap before
{Heap before GC invocations=6 (full 1):
 garbage-first heap   total 17408K, used 7808K [0x00000006c0000000, 0x00000007c0000000)
  region size 1024K, 5 young (5120K), 1 survivors (1024K)
 Metaspace       used 8124K, capacity 8345K, committed 8576K, reserved 1056768K
  class space    used 748K, capacity 825K, committed 896K, reserved 1048576K
}
Event: 0.324 GC heap after
{Heap after GC invocations=7 (full 1):
 garbage-first heap   total 140288K, used 4114K [0x00000006c0000000, 0x00000007c0000000)
  region size 1024K, 1 young (1024K), 1 survivors (1024K)
 Metaspace       used 8124K, capacity 8345K, committed 8576K, reserved 1056768K
  class space    used 748K, capacity 825K, committed 896K, reserved 1048576K
}
Event: 0.409 GC heap before
{Heap before GC invocations=7 (full 1):
 garbage-first heap   total 140288K, used 22546K [0x00000006c0000000, 0x00000007c0000000)
  region size 1024K, 18 young (18432K), 1 survivors (1024K)
 Metaspace       used 9314K, capacity 9637K, committed 9984K, reserved 1058816K
  class space    used 862K, capacity 983K, committed 1024K, reserved 1048576K
}
Event: 0.415 GC heap after
{Heap after GC invocations=8 (full 2):
 garbage-first heap   total 37888K, used 9633K [0x00000006c0000000, 0x00000007c0000000)
  region size 1024K, 0 young (0K), 0 survivors (0K)
 Metaspace       used 9314K, capacity 9637K, committed 9984K, reserved 1058816K
  class space    used 862K, capacity 983K, committed 1024K, reserved 1048576K
}
Event: 0.556 GC heap before
{Heap before GC invocations=8 (full 2):
 garbage-first heap   total 37888K, used 18849K [0x00000006c0000000, 0x00000007c0000000)
  region size 1024K, 10 young (10240K), 0 survivors (0K)
 Metaspace       used 10937K, capacity 11255K, committed 11392K, reserved 1058816K
  class space    used 985K, capacity 1117K, committed 1152K, reserved 1048576K
}
Event: 0.557 GC heap after
{Heap after GC invocations=9 (full 2):
 garbage-first heap   total 37888K, used 10399K [0x00000006c0000000, 0x00000007c0000000)
  region size 1024K, 1 young (1024K), 1 survivors (1024K)
 Metaspace       used 10937K, capacity 11255K, committed 11392K, reserved 1058816K
  class space    used 985K, capacity 1117K, committed 1152K, reserved 1048576K
}
Event: 0.941 GC heap before
{Heap before GC invocations=9 (full 2):
 garbage-first heap   total 37888K, used 12447K [0x00000006c0000000, 0x00000007c0000000)
  region size 1024K, 4 young (4096K), 1 survivors (1024K)
 Metaspace       used 11194K, capacity 11549K, committed 11904K, reserved 1060864K
  class space    used 1015K, capacity 1150K, committed 1152K, reserved 1048576K
}
Event: 0.948 GC heap after
{Heap after GC invocations=10 (full 3):
 garbage-first heap   total 37888K, used 10474K [0x00000006c0000000, 0x00000007c0000000)
  region size 1024K, 0 young (0K), 0 survivors (0K)
 Metaspace       used 11194K, capacity 11549K, committed 11904K, reserved 1060864K
  class space    used 1015K, capacity 1150K, committed 1152K, reserved 1048576K
}
Event: 1.260 GC heap before
{Heap before GC invocations=10 (full 3):
 garbage-first heap   total 37888K, used 10474K [0x00000006c0000000, 0x00000007c0000000)
  region size 1024K, 1 young (1024K), 0 survivors (0K)
 Metaspace       used 11267K, capacity 11613K, committed 11904K, reserved 1060864K
  class space    used 1021K, capacity 1150K, committed 1152K, reserved 1048576K
}
Event: 1.267 GC heap after
{Heap after GC invocations=11 (full 4):
 garbage-first heap   total 37888K, used 10607K [0x00000006c0000000, 0x00000007c0000000)
  region size 1024K, 0 young (0K), 0 survivors (0K)
 Metaspace       used 11267K, capacity 11613K, committed 11904K, reserved 1060864K
  class space    used 1021K, capacity 1150K, committed 1152K, reserved 1048576K
}
Event: 1.561 GC heap before
{Heap before GC invocations=11 (full 4):
 garbage-first heap   total 37888K, used 10607K [0x00000006c0000000, 0x00000007c0000000)
  region size 1024K, 1 young (1024K), 0 survivors (0K)
 Metaspace       used 11267K, capacity 11613K, committed 11904K, reserved 1060864K
  class space    used 1021K, capacity 1150K, committed 1152K, reserved 1048576K
}
Event: 1.567 GC heap after
{Heap after GC invocations=12 (full 5):
 garbage-first heap   total 37888K, used 10607K [0x00000006c0000000, 0x00000007c0000000)
  region size 1024K, 0 young (0K), 0 survivors (0K)
 Metaspace       used 11267K, capacity 11613K, committed 11904K, reserved 1060864K
  class space    used 1021K, capacity 1150K, committed 1152K, reserved 1048576K
}
Event: 2.232 GC heap before
{Heap before GC invocations=12 (full 5):
 garbage-first heap   total 37888K, used 10607K [0x00000006c0000000, 0x00000007c0000000)
  region size 1024K, 1 young (1024K), 0 survivors (0K)
 Metaspace       used 11269K, capacity 11613K, committed 11904K, reserved 1060864K
  class space    used 1021K, capacity 1150K, committed 1152K, reserved 1048576K
}
Event: 2.238 GC heap after
{Heap after GC invocations=13 (full 6):
 garbage-first heap   total 37888K, used 10609K [0x00000006c0000000, 0x00000007c0000000)
  region size 1024K, 0 young (0K), 0 survivors (0K)
 Metaspace       used 11269K, capacity 11613K, committed 11904K, reserved 1060864K
  class space    used 1021K, capacity 1150K, committed 1152K, reserved 1048576K
}

