# JRE version: OpenJDK Runtime Environment Corretto-11.0.29.7.1 (11.0.29+7) (build 11.0.29+7-LTS)
# Java VM: OpenJDK 64-Bit Server VM Corretto-11.0.29.7.1 (11.0.29+7-LTS, mixed mode, tiered, compressed oops, g1 gc, bsd-aarch64)
Heap:
 garbage-first heap   total 37888K, used 13552K [0x00000006c0000000, 0x00000007c0000000)
  region size 1024K, 4 young (4096K), 0 survivors (0K)
 Metaspace       used 12050K, capacity 12381K, committed 12544K, reserved 1060864K
  class space    used 1103K, capacity 1259K, committed 1280K, reserved 1048576K
GC Heap History (20 events):
Event: 0.303 GC heap before
{Heap before GC invocations=3 (full 1):
 garbage-first heap   total 17408K, used 7612K [0x00000006c0000000, 0x00000007c0000000)
  region size 1024K, 6 young (6144K), 1 survivors (1024K)
 Metaspace       used 8103K, capacity 8344K, committed 8576K, reserved 1056768K
  class space    used 748K, capacity 825K, committed 896K, reserved 1048576K
}
Event: 0.304 GC heap after
{Heap after GC invocations=4 (full 1):
 garbage-first heap   total 17408K, used 3017K [0x00000006c0000000, 0x00000007c0000000)
  region size 1024K, 1 young (1024K), 1 survivors (1024K)
 Metaspace       used 8103K, capacity 8344K, committed 8576K, reserved 1056768K
  class space    used 748K, capacity 825K, committed 896K, reserved 1048576K
}
Event: 0.308 GC heap before
{Heap before GC invocations=4 (full 1):
 garbage-first heap   total 17408K, used 7113K [0x00000006c0000000, 0x00000007c0000000)
  region size 1024K, 5 young (5120K), 1 survivors (1024K)
 Metaspace       used 8114K, capacity 8344K, committed 8576K, reserved 1056768K
  class space    used 748K, capacity 825K, committed 896K, reserved 1048576K
}
Event: 0.308 GC heap after
{Heap after GC invocations=5 (full 1):
 garbage-first heap   total 17408K, used 3347K [0x00000006c0000000, 0x00000007c0000000)
  region size 1024K, 1 young (1024K), 1 survivors (1024K)
 Metaspace       used 8114K, capacity 8344K, committed 8576K, reserved 1056768K
  class space    used 748K, capacity 825K, committed 896K, reserved 1048576K
}
Event: 0.313 GC heap before
{Heap before GC invocations=5 (full 1):
 garbage-first heap   total 17408K, used 7443K [0x00000006c0000000, 0x00000007c0000000)
  region size 1024K, 5 young (5120K), 1 survivors (1024K)
 Metaspace       used 8116K, capacity 8344K, committed 8576K, reserved 1056768K
  class space    used 748K, capacity 825K, committed 896K, reserved 1048576K
}
Event: 0.314 GC heap after
{Heap after GC invocations=6 (full 1):
 garbage-first heap   total 17408K, used 3718K [0x00000006c0000000, 0x00000007c0000000)
  region size 1024K, 1 young (1024K), 1 survivors (1024K)
 Metaspace       used 8116K, capacity 8344K, committed 8576K, reserved 1056768K
  class space    used 748K, capacity 825K, committed 896K, reserved 1048576K
}
Event: 0.317 GC heap before
{Heap before GC invocations=6 (full 1):
 garbage-first heap   total 17408K, used 7814K [0x00000006c0000000, 0x00000007c0000000)
  region size 1024K, 5 young (5120K), 1 survivors (1024K)
 Metaspace       used 8121K, capacity 8345K, committed 8576K, reserved 1056768K
  class space    used 748K, capacity 825K, committed 896K, reserved 1048576K
}
Event: 0.317 GC heap after
{Heap after GC invocations=7 (full 1):
 garbage-first heap   total 17408K, used 4135K [0x00000006c0000000, 0x00000007c0000000)
  region size 1024K, 1 young (1024K), 1 survivors (1024K)
 Metaspace       used 8121K, capacity 8345K, committed 8576K, reserved 1056768K
  class space    used 748K, capacity 825K, committed 896K, reserved 1048576K
}
Event: 0.320 GC heap before
{Heap before GC invocations=7 (full 1):
 garbage-first heap   total 17408K, used 8231K [0x00000006c0000000, 0x00000007c0000000)
  region size 1024K, 5 young (5120K), 1 survivors (1024K)
 Metaspace       used 8131K, capacity 8346K, committed 8576K, reserved 1056768K
  class space    used 748K, capacity 825K, committed 896K, reserved 1048576K
}
Event: 0.321 GC heap after
{Heap after GC invocations=8 (full 1):
 garbage-first heap   total 140288K, used 4660K [0x00000006c0000000, 0x00000007c0000000)
  region size 1024K, 1 young (1024K), 1 survivors (1024K)
 Metaspace       used 8131K, capacity 8346K, committed 8576K, reserved 1056768K
  class space    used 748K, capacity 825K, committed 896K, reserved 1048576K
}
Event: 0.394 GC heap before
{Heap before GC invocations=8 (full 1):
 garbage-first heap   total 140288K, used 17972K [0x00000006c0000000, 0x00000007c0000000)
  region size 1024K, 13 young (13312K), 1 survivors (1024K)
 Metaspace       used 9304K, capacity 9637K, committed 9984K, reserved 1058816K
  class space    used 862K, capacity 983K, committed 1024K, reserved 1048576K
}
Event: 0.399 GC heap after
{Heap after GC invocations=9 (full 2):
 garbage-first heap   total 40960K, used 9633K [0x00000006c0000000, 0x00000007c0000000)
  region size 1024K, 0 young (0K), 0 survivors (0K)
 Metaspace       used 9304K, capacity 9637K, committed 9984K, reserved 1058816K
  class space    used 862K, capacity 983K, committed 1024K, reserved 1048576K
}
Event: 0.494 GC heap before
{Heap before GC invocations=9 (full 2):
 garbage-first heap   total 40960K, used 18849K [0x00000006c0000000, 0x00000007c0000000)
  region size 1024K, 10 young (10240K), 0 survivors (0K)
 Metaspace       used 10958K, capacity 11321K, committed 11648K, reserved 1060864K
  class space    used 986K, capacity 1117K, committed 1152K, reserved 1048576K
}
Event: 0.494 GC heap after
{Heap after GC invocations=10 (full 2):
 garbage-first heap   total 40960K, used 10417K [0x00000006c0000000, 0x00000007c0000000)
  region size 1024K, 1 young (1024K), 1 survivors (1024K)
 Metaspace       used 10958K, capacity 11321K, committed 11648K, reserved 1060864K
  class space    used 986K, capacity 1117K, committed 1152K, reserved 1048576K
}
Event: 0.877 GC heap before
{Heap before GC invocations=10 (full 2):
 garbage-first heap   total 40960K, used 12465K [0x00000006c0000000, 0x00000007c0000000)
  region size 1024K, 4 young (4096K), 1 survivors (1024K)
 Metaspace       used 11180K, capacity 11551K, committed 11648K, reserved 1060864K
  class space    used 1015K, capacity 1150K, committed 1152K, reserved 1048576K
}
Event: 0.884 GC heap after
{Heap after GC invocations=11 (full 3):
 garbage-first heap   total 37888K, used 10473K [0x00000006c0000000, 0x00000007c0000000)
  region size 1024K, 0 young (0K), 0 survivors (0K)
 Metaspace       used 11180K, capacity 11551K, committed 11648K, reserved 1060864K
  class space    used 1015K, capacity 1150K, committed 1152K, reserved 1048576K
}
Event: 1.161 GC heap before
{Heap before GC invocations=11 (full 3):
 garbage-first heap   total 37888K, used 10473K [0x00000006c0000000, 0x00000007c0000000)
  region size 1024K, 1 young (1024K), 0 survivors (0K)
 Metaspace       used 11182K, capacity 11551K, committed 11648K, reserved 1060864K
  class space    used 1015K, capacity 1150K, committed 1152K, reserved 1048576K
}
Event: 1.167 GC heap after
{Heap after GC invocations=12 (full 4):
 garbage-first heap   total 37888K, used 10480K [0x00000006c0000000, 0x00000007c0000000)
  region size 1024K, 0 young (0K), 0 survivors (0K)
 Metaspace       used 11182K, capacity 11551K, committed 11648K, reserved 1060864K
  class space    used 1015K, capacity 1150K, committed 1152K, reserved 1048576K
}
Event: 1.580 GC heap before
{Heap before GC invocations=12 (full 4):
 garbage-first heap   total 37888K, used 10480K [0x00000006c0000000, 0x00000007c0000000)
  region size 1024K, 1 young (1024K), 0 survivors (0K)
 Metaspace       used 11182K, capacity 11551K, committed 11648K, reserved 1060864K
  class space    used 1015K, capacity 1150K, committed 1152K, reserved 1048576K
}
Event: 1.586 GC heap after
{Heap after GC invocations=13 (full 5):
 garbage-first heap   total 37888K, used 10480K [0x00000006c0000000, 0x00000007c0000000)
  region size 1024K, 0 young (0K), 0 survivors (0K)
 Metaspace       used 11182K, capacity 11551K, committed 11648K, reserved 1060864K
  class space    used 1015K, capacity 1150K, committed 1152K, reserved 1048576K
}

